<?xml version="1.0" encoding="UTF-8"?>
<testsuite xmlns:xsi="http://www.w3.org/2001/XMLSchema-instance" xsi:noNamespaceSchemaLocation="https://maven.apache.org/surefire/maven-surefire-plugin/xsd/surefire-test-report-3.0.xsd" version="3.0" name="io.cucumber.junit.platform.engine.CucumberTestEngine" time="0.051" tests="9" errors="0" skipped="0" failures="0">
  <properties>
[...]
</properties>
  <testcase name="Calculadora Básica - Suma de dos números" classname="Calculadora Básica" time="0.074">
    <system-out><![CDATA[
Scenario: Suma de dos nÃºmeros                &amp#27;[90m# features/calculadora.feature:10&amp#27;[0m
  &amp#27;[32mGiven &amp#27;[0m&amp#27;[32mque tengo una calculadora disponible&amp#27;[0m &amp#27;[90m# com.pruebatecnica.stepdefinitions.CalculadoraSteps.que_tengo_una_calculadora_disponible()&amp#27;[0m
  &amp#27;[32mGiven &amp#27;[0m&amp#27;[32mque ingreso el nÃºmero &amp#27;[0m&amp#27;[32m&amp#27;[1m5&amp#27;[0m              &amp#27;[90m# com.pruebatecnica.stepdefinitions.CalculadoraSteps.que_ingreso_el_numero(double)&amp#27;[0m
  &amp#27;[32mAnd &amp#27;[0m&amp#27;[32mque ingreso el nÃºmero &amp#27;[0m&amp#27;[32m&amp#27;[1m3&amp#27;[0m                &amp#27;[90m# com.pruebatecnica.stepdefinitions.CalculadoraSteps.que_ingreso_el_numero(double)&amp#27;[0m
  &amp#27;[32mWhen &amp#27;[0m&amp#27;[32mrealizo la operaciÃ³n suma&amp#27;[0m             &amp#27;[90m# com.pruebatecnica.stepdefinitions.CalculadoraSteps.realizo_la_operacion_suma()&amp#27;[0m
  &amp#27;[32mThen &amp#27;[0m&amp#27;[32mel resultado debe ser &amp#27;[0m&amp#27;[32m&amp#27;[1m8&amp#27;[0m               &amp#27;[90m# com.pruebatecnica.stepdefinitions.CalculadoraSteps.el_resultado_debe_ser(double)&amp#27;[0m
]]></system-out>
    <system-err><![CDATA[dic. 19, 2025 5:38:43 P. M. io.cucumber.junit.platform.engine.DiscoverySelectorResolver warnWhenCucumberFeaturesPropertyIsUsed
WARNING: Discovering tests using the cucumber.features property. Other discovery selectors are ignored!

This is a work around for the limited JUnit 5 support in Maven and Gradle. Please request/upvote/sponsor/ect better support for JUnit 5 discovery selectors. For details see: https://github.com/cucumber/cucumber-jvm/pull/2498

If you are using the JUnit 5 Suite Engine, Platform Launcher API or Console Launcher you should not use this property. Please consult the JUnit 5 documentation on test selection.
]]></system-err>
  </testcase>
  <testcase name="Calculadora Básica - Suma de dos números" classname="Calculadora Básica" time="0.013">
    <system-out><![CDATA[
Scenario: Suma de dos nÃºmeros                &amp#27;[90m# features/calculadora.feature:10&amp#27;[0m
  &amp#27;[32mGiven &amp#27;[0m&amp#27;[32mque tengo una calculadora disponible&amp#27;[0m &amp#27;[90m# com.pruebatecnica.stepdefinitions.CalculadoraSteps.que_tengo_una_calculadora_disponible()&amp#27;[0m
  &amp#27;[32mGiven &amp#27;[0m&amp#27;[32mque ingreso el nÃºmero &amp#27;[0m&amp#27;[32m&amp#27;[1m5&amp#27;[0m              &amp#27;[90m# com.pruebatecnica.stepdefinitions.CalculadoraSteps.que_ingreso_el_numero(double)&amp#27;[0m
  &amp#27;[32mAnd &amp#27;[0m&amp#27;[32mque ingreso el nÃºmero &amp#27;[0m&amp#27;[32m&amp#27;[1m3&amp#27;[0m                &amp#27;[90m# com.pruebatecnica.stepdefinitions.CalculadoraSteps.que_ingreso_el_numero(double)&amp#27;[0m
  &amp#27;[32mWhen &amp#27;[0m&amp#27;[32mrealizo la operaciÃ³n suma&amp#27;[0m             &amp#27;[90m# com.pruebatecnica.stepdefinitions.CalculadoraSteps.realizo_la_operacion_suma()&amp#27;[0m
  &amp#27;[32mThen &amp#27;[0m&amp#27;[32mel resultado debe ser &amp#27;[0m&amp#27;[32m&amp#27;[1m8&amp#27;[0m               &amp#27;[90m# com.pruebatecnica.stepdefinitions.CalculadoraSteps.el_resultado_debe_ser(double)&amp#27;[0m
]]></system-out>
  </testcase>
  <testcase name="Gestión de Usuarios - Registro de usuario con diferentes datos - Ejemplos - Example #1.1" classname="Gestión de Usuarios - Registro de usuario con diferentes datos - Ejemplos" time="0.014">
    <system-out><![CDATA[
Esquema del escenario: Registro de usuario con diferentes datos &amp#27;[90m# features/usuario.feature:18&amp#27;[0m
  &amp#27;[32mDado &amp#27;[0m&amp#27;[32mque estoy en la pÃ¡gina de registro&amp#27;[0m                       &amp#27;[90m# com.pruebatecnica.stepdefinitions.UsuarioSteps.que_estoy_en_la_pagina_de_registro()&amp#27;[0m
  &amp#27;[32mCuando &amp#27;[0m&amp#27;[32mingreso el nombre &amp#27;[0m&amp#27;[32m&amp#27;[1m"Juan"&amp#27;[0m                               &amp#27;[90m# com.pruebatecnica.stepdefinitions.UsuarioSteps.ingreso_el_nombre(java.lang.String)&amp#27;[0m
  &amp#27;[32mY &amp#27;[0m&amp#27;[32mingreso el email &amp#27;[0m&amp#27;[32m&amp#27;[1m"juan@test.com"&amp#27;[0m                            &amp#27;[90m# com.pruebatecnica.stepdefinitions.UsuarioSteps.ingreso_el_email(java.lang.String)&amp#27;[0m
  &amp#27;[32mY &amp#27;[0m&amp#27;[32mingreso la contraseÃ±a &amp#27;[0m&amp#27;[32m&amp#27;[1m"12345678"&amp#27;[0m                            &amp#27;[90m# com.pruebatecnica.stepdefinitions.UsuarioSteps.ingreso_la_contraseÃ±a(java.lang.String)&amp#27;[0m
  &amp#27;[32mY &amp#27;[0m&amp#27;[32mhago clic en registrar&amp#27;[0m                                      &amp#27;[90m# com.pruebatecnica.stepdefinitions.UsuarioSteps.hago_clic_en_registrar()&amp#27;[0m
  &amp#27;[32mEntonces &amp#27;[0m&amp#27;[32mel resultado del registro debe ser &amp#27;[0m&amp#27;[32m&amp#27;[1m"exitoso"&amp#27;[0m         &amp#27;[90m# com.pruebatecnica.stepdefinitions.UsuarioSteps.el_resultado_del_registro_debe_ser(java.lang.String)&amp#27;[0m
  &amp#27;[32mY &amp#27;[0m&amp#27;[32mdebe mostrar el mensaje &amp#27;[0m&amp#27;[32m&amp#27;[1m"Usuario registrado correctamente"&amp#27;[0m  &amp#27;[90m# com.pruebatecnica.stepdefinitions.UsuarioSteps.debe_mostrar_el_mensaje(java.lang.String)&amp#27;[0m
]]></system-out>
  </testcase>
  <testcase name="Gestión de Usuarios - Registro de usuario con diferentes datos - Ejemplos - Example #1.1" classname="Gestión de Usuarios - Registro de usuario con diferentes datos - Ejemplos" time="0.007">
    <system-out><![CDATA[
Esquema del escenario: Registro de usuario con diferentes datos &amp#27;[90m# features/usuario.feature:18&amp#27;[0m
  &amp#27;[32mDado &amp#27;[0m&amp#27;[32mque estoy en la pÃ¡gina de registro&amp#27;[0m                       &amp#27;[90m# com.pruebatecnica.stepdefinitions.UsuarioSteps.que_estoy_en_la_pagina_de_registro()&amp#27;[0m
  &amp#27;[32mCuando &amp#27;[0m&amp#27;[32mingreso el nombre &amp#27;[0m&amp#27;[32m&amp#27;[1m"Juan"&amp#27;[0m                               &amp#27;[90m# com.pruebatecnica.stepdefinitions.UsuarioSteps.ingreso_el_nombre(java.lang.String)&amp#27;[0m
  &amp#27;[32mY &amp#27;[0m&amp#27;[32mingreso el email &amp#27;[0m&amp#27;[32m&amp#27;[1m"juan@test.com"&amp#27;[0m                            &amp#27;[90m# com.pruebatecnica.stepdefinitions.UsuarioSteps.ingreso_el_email(java.lang.String)&amp#27;[0m
  &amp#27;[32mY &amp#27;[0m&amp#27;[32mingreso la contraseÃ±a &amp#27;[0m&amp#27;[32m&amp#27;[1m"12345678"&amp#27;[0m                            &amp#27;[90m# com.pruebatecnica.stepdefinitions.UsuarioSteps.ingreso_la_contraseÃ±a(java.lang.String)&amp#27;[0m
  &amp#27;[32mY &amp#27;[0m&amp#27;[32mhago clic en registrar&amp#27;[0m                                      &amp#27;[90m# com.pruebatecnica.stepdefinitions.UsuarioSteps.hago_clic_en_registrar()&amp#27;[0m
  &amp#27;[32mEntonces &amp#27;[0m&amp#27;[32mel resultado del registro debe ser &amp#27;[0m&amp#27;[32m&amp#27;[1m"exitoso"&amp#27;[0m         &amp#27;[90m# com.pruebatecnica.stepdefinitions.UsuarioSteps.el_resultado_del_registro_debe_ser(java.lang.String)&amp#27;[0m
  &amp#27;[32mY &amp#27;[0m&amp#27;[32mdebe mostrar el mensaje &amp#27;[0m&amp#27;[32m&amp#27;[1m"Usuario registrado correctamente"&amp#27;[0m  &amp#27;[90m# com.pruebatecnica.stepdefinitions.UsuarioSteps.debe_mostrar_el_mensaje(java.lang.String)&amp#27;[0m
]]></system-out>
  </testcase>
  <testcase name="Gestión de Usuarios - Registro de usuario con diferentes datos - Ejemplos - Example #1.2" classname="Gestión de Usuarios - Registro de usuario con diferentes datos - Ejemplos" time="0.007">
    <system-out><![CDATA[
Esquema del escenario: Registro de usuario con diferentes datos &amp#27;[90m# features/usuario.feature:19&amp#27;[0m
  &amp#27;[32mDado &amp#27;[0m&amp#27;[32mque estoy en la pÃ¡gina de registro&amp#27;[0m                       &amp#27;[90m# com.pruebatecnica.stepdefinitions.UsuarioSteps.que_estoy_en_la_pagina_de_registro()&amp#27;[0m
  &amp#27;[32mCuando &amp#27;[0m&amp#27;[32mingreso el nombre &amp#27;[0m&amp#27;[32m&amp#27;[1m"MarÃ­a"&amp#27;[0m                              &amp#27;[90m# com.pruebatecnica.stepdefinitions.UsuarioSteps.ingreso_el_nombre(java.lang.String)&amp#27;[0m
  &amp#27;[32mY &amp#27;[0m&amp#27;[32mingreso el email &amp#27;[0m&amp#27;[32m&amp#27;[1m"maria@test.com"&amp#27;[0m                           &amp#27;[90m# com.pruebatecnica.stepdefinitions.UsuarioSteps.ingreso_el_email(java.lang.String)&amp#27;[0m
  &amp#27;[32mY &amp#27;[0m&amp#27;[32mingreso la contraseÃ±a &amp#27;[0m&amp#27;[32m&amp#27;[1m"abc123"&amp#27;[0m                              &amp#27;[90m# com.pruebatecnica.stepdefinitions.UsuarioSteps.ingreso_la_contraseÃ±a(java.lang.String)&amp#27;[0m
  &amp#27;[32mY &amp#27;[0m&amp#27;[32mhago clic en registrar&amp#27;[0m                                      &amp#27;[90m# com.pruebatecnica.stepdefinitions.UsuarioSteps.hago_clic_en_registrar()&amp#27;[0m
  &amp#27;[32mEntonces &amp#27;[0m&amp#27;[32mel resultado del registro debe ser &amp#27;[0m&amp#27;[32m&amp#27;[1m"exitoso"&amp#27;[0m         &amp#27;[90m# com.pruebatecnica.stepdefinitions.UsuarioSteps.el_resultado_del_registro_debe_ser(java.lang.String)&amp#27;[0m
  &amp#27;[32mY &amp#27;[0m&amp#27;[32mdebe mostrar el mensaje &amp#27;[0m&amp#27;[32m&amp#27;[1m"Usuario registrado correctamente"&amp#27;[0m  &amp#27;[90m# com.pruebatecnica.stepdefinitions.UsuarioSteps.debe_mostrar_el_mensaje(java.lang.String)&amp#27;[0m
]]></system-out>
  </testcase>
  <testcase name="Gestión de Usuarios - Registro de usuario con diferentes datos - Ejemplos - Example #1.2" classname="Gestión de Usuarios - Registro de usuario con diferentes datos - Ejemplos" time="0.004">
    <system-out><![CDATA[
Esquema del escenario: Registro de usuario con diferentes datos &amp#27;[90m# features/usuario.feature:19&amp#27;[0m
  &amp#27;[32mDado &amp#27;[0m&amp#27;[32mque estoy en la pÃ¡gina de registro&amp#27;[0m                       &amp#27;[90m# com.pruebatecnica.stepdefinitions.UsuarioSteps.que_estoy_en_la_pagina_de_registro()&amp#27;[0m
  &amp#27;[32mCuando &amp#27;[0m&amp#27;[32mingreso el nombre &amp#27;[0m&amp#27;[32m&amp#27;[1m"MarÃ­a"&amp#27;[0m                              &amp#27;[90m# com.pruebatecnica.stepdefinitions.UsuarioSteps.ingreso_el_nombre(java.lang.String)&amp#27;[0m
  &amp#27;[32mY &amp#27;[0m&amp#27;[32mingreso el email &amp#27;[0m&amp#27;[32m&amp#27;[1m"maria@test.com"&amp#27;[0m                           &amp#27;[90m# com.pruebatecnica.stepdefinitions.UsuarioSteps.ingreso_el_email(java.lang.String)&amp#27;[0m
  &amp#27;[32mY &amp#27;[0m&amp#27;[32mingreso la contraseÃ±a &amp#27;[0m&amp#27;[32m&amp#27;[1m"abc123"&amp#27;[0m                              &amp#27;[90m# com.pruebatecnica.stepdefinitions.UsuarioSteps.ingreso_la_contraseÃ±a(java.lang.String)&amp#27;[0m
  &amp#27;[32mY &amp#27;[0m&amp#27;[32mhago clic en registrar&amp#27;[0m                                      &amp#27;[90m# com.pruebatecnica.stepdefinitions.UsuarioSteps.hago_clic_en_registrar()&amp#27;[0m
  &amp#27;[32mEntonces &amp#27;[0m&amp#27;[32mel resultado del registro debe ser &amp#27;[0m&amp#27;[32m&amp#27;[1m"exitoso"&amp#27;[0m         &amp#27;[90m# com.pruebatecnica.stepdefinitions.UsuarioSteps.el_resultado_del_registro_debe_ser(java.lang.String)&amp#27;[0m
  &amp#27;[32mY &amp#27;[0m&amp#27;[32mdebe mostrar el mensaje &amp#27;[0m&amp#27;[32m&amp#27;[1m"Usuario registrado correctamente"&amp#27;[0m  &amp#27;[90m# com.pruebatecnica.stepdefinitions.UsuarioSteps.debe_mostrar_el_mensaje(java.lang.String)&amp#27;[0m
]]></system-out>
  </testcase>
  <testcase name="Gestión de Usuarios - Registro de usuario con diferentes datos - Ejemplos - Example #1.3" classname="Gestión de Usuarios - Registro de usuario con diferentes datos - Ejemplos" time="0.007">
    <system-out><![CDATA[
Esquema del escenario: Registro de usuario con diferentes datos &amp#27;[90m# features/usuario.feature:20&amp#27;[0m
  &amp#27;[32mDado &amp#27;[0m&amp#27;[32mque estoy en la pÃ¡gina de registro&amp#27;[0m                       &amp#27;[90m# com.pruebatecnica.stepdefinitions.UsuarioSteps.que_estoy_en_la_pagina_de_registro()&amp#27;[0m
  &amp#27;[32mCuando &amp#27;[0m&amp#27;[32mingreso el nombre &amp#27;[0m&amp#27;[32m&amp#27;[1m""&amp#27;[0m                                   &amp#27;[90m# com.pruebatecnica.stepdefinitions.UsuarioSteps.ingreso_el_nombre(java.lang.String)&amp#27;[0m
  &amp#27;[32mY &amp#27;[0m&amp#27;[32mingreso el email &amp#27;[0m&amp#27;[32m&amp#27;[1m"sinombre@test.com"&amp#27;[0m                        &amp#27;[90m# com.pruebatecnica.stepdefinitions.UsuarioSteps.ingreso_el_email(java.lang.String)&amp#27;[0m
  &amp#27;[32mY &amp#27;[0m&amp#27;[32mingreso la contraseÃ±a &amp#27;[0m&amp#27;[32m&amp#27;[1m"12345678"&amp#27;[0m                            &amp#27;[90m# com.pruebatecnica.stepdefinitions.UsuarioSteps.ingreso_la_contraseÃ±a(java.lang.String)&amp#27;[0m
  &amp#27;[32mY &amp#27;[0m&amp#27;[32mhago clic en registrar&amp#27;[0m                                      &amp#27;[90m# com.pruebatecnica.stepdefinitions.UsuarioSteps.hago_clic_en_registrar()&amp#27;[0m
  &amp#27;[32mEntonces &amp#27;[0m&amp#27;[32mel resultado del registro debe ser &amp#27;[0m&amp#27;[32m&amp#27;[1m"error"&amp#27;[0m           &amp#27;[90m# com.pruebatecnica.stepdefinitions.UsuarioSteps.el_resultado_del_registro_debe_ser(java.lang.String)&amp#27;[0m
  &amp#27;[32mY &amp#27;[0m&amp#27;[32mdebe mostrar el mensaje &amp#27;[0m&amp#27;[32m&amp#27;[1m"El nombre es obligatorio"&amp#27;[0m          &amp#27;[90m# com.pruebatecnica.stepdefinitions.UsuarioSteps.debe_mostrar_el_mensaje(java.lang.String)&amp#27;[0m
]]></system-out>
  </testcase>
  <testcase name="Gestión de Usuarios - Registro de usuario con diferentes datos - Ejemplos - Example #1.3" classname="Gestión de Usuarios - Registro de usuario con diferentes datos - Ejemplos" time="0.003">
    <system-out><![CDATA[
Esquema del escenario: Registro de usuario con diferentes datos &amp#27;[90m# features/usuario.feature:20&amp#27;[0m
  &amp#27;[32mDado &amp#27;[0m&amp#27;[32mque estoy en la pÃ¡gina de registro&amp#27;[0m                       &amp#27;[90m# com.pruebatecnica.stepdefinitions.UsuarioSteps.que_estoy_en_la_pagina_de_registro()&amp#27;[0m
  &amp#27;[32mCuando &amp#27;[0m&amp#27;[32mingreso el nombre &amp#27;[0m&amp#27;[32m&amp#27;[1m""&amp#27;[0m                                   &amp#27;[90m# com.pruebatecnica.stepdefinitions.UsuarioSteps.ingreso_el_nombre(java.lang.String)&amp#27;[0m
  &amp#27;[32mY &amp#27;[0m&amp#27;[32mingreso el email &amp#27;[0m&amp#27;[32m&amp#27;[1m"sinombre@test.com"&amp#27;[0m                        &amp#27;[90m# com.pruebatecnica.stepdefinitions.UsuarioSteps.ingreso_el_email(java.lang.String)&amp#27;[0m
  &amp#27;[32mY &amp#27;[0m&amp#27;[32mingreso la contraseÃ±a &amp#27;[0m&amp#27;[32m&amp#27;[1m"12345678"&amp#27;[0m                            &amp#27;[90m# com.pruebatecnica.stepdefinitions.UsuarioSteps.ingreso_la_contraseÃ±a(java.lang.String)&amp#27;[0m
  &amp#27;[32mY &amp#27;[0m&amp#27;[32mhago clic en registrar&amp#27;[0m                                      &amp#27;[90m# com.pruebatecnica.stepdefinitions.UsuarioSteps.hago_clic_en_registrar()&amp#27;[0m
  &amp#27;[32mEntonces &amp#27;[0m&amp#27;[32mel resultado del registro debe ser &amp#27;[0m&amp#27;[32m&amp#27;[1m"error"&amp#27;[0m           &amp#27;[90m# com.pruebatecnica.stepdefinitions.UsuarioSteps.el_resultado_del_registro_debe_ser(java.lang.String)&amp#27;[0m
  &amp#27;[32mY &amp#27;[0m&amp#27;[32mdebe mostrar el mensaje &amp#27;[0m&amp#27;[32m&amp#27;[1m"El nombre es obligatorio"&amp#27;[0m          &amp#27;[90m# com.pruebatecnica.stepdefinitions.UsuarioSteps.debe_mostrar_el_mensaje(java.lang.String)&amp#27;[0m
]]></system-out>
  </testcase>
  <testcase name="Gestión de Usuarios - Registro de usuario con diferentes datos - Ejemplos - Example #1.4" classname="Gestión de Usuarios - Registro de usuario con diferentes datos - Ejemplos" time="0.005">
    <system-out><![CDATA[
Esquema del escenario: Registro de usuario con diferentes datos &amp#27;[90m# features/usuario.feature:21&amp#27;[0m
  &amp#27;[32mDado &amp#27;[0m&amp#27;[32mque estoy en la pÃ¡gina de registro&amp#27;[0m                       &amp#27;[90m# com.pruebatecnica.stepdefinitions.UsuarioSteps.que_estoy_en_la_pagina_de_registro()&amp#27;[0m
  &amp#27;[32mCuando &amp#27;[0m&amp#27;[32mingreso el nombre &amp#27;[0m&amp#27;[32m&amp#27;[1m"Pedro"&amp#27;[0m                              &amp#27;[90m# com.pruebatecnica.stepdefinitions.UsuarioSteps.ingreso_el_nombre(java.lang.String)&amp#27;[0m
  &amp#27;[32mY &amp#27;[0m&amp#27;[32mingreso el email &amp#27;[0m&amp#27;[32m&amp#27;[1m""&amp#27;[0m                                         &amp#27;[90m# com.pruebatecnica.stepdefinitions.UsuarioSteps.ingreso_el_email(java.lang.String)&amp#27;[0m
  &amp#27;[32mY &amp#27;[0m&amp#27;[32mingreso la contraseÃ±a &amp#27;[0m&amp#27;[32m&amp#27;[1m"12345678"&amp#27;[0m                            &amp#27;[90m# com.pruebatecnica.stepdefinitions.UsuarioSteps.ingreso_la_contraseÃ±a(java.lang.String)&amp#27;[0m
  &amp#27;[32mY &amp#27;[0m&amp#27;[32mhago clic en registrar&amp#27;[0m                                      &amp#27;[90m# com.pruebatecnica.stepdefinitions.UsuarioSteps.hago_clic_en_registrar()&amp#27;[0m
  &amp#27;[32mEntonces &amp#27;[0m&amp#27;[32mel resultado del registro debe ser &amp#27;[0m&amp#27;[32m&amp#27;[1m"error"&amp#27;[0m           &amp#27;[90m# com.pruebatecnica.stepdefinitions.UsuarioSteps.el_resultado_del_registro_debe_ser(java.lang.String)&amp#27;[0m
  &amp#27;[32mY &amp#27;[0m&amp#27;[32mdebe mostrar el mensaje &amp#27;[0m&amp#27;[32m&amp#27;[1m"El email es obligatorio"&amp#27;[0m           &amp#27;[90m# com.pruebatecnica.stepdefinitions.UsuarioSteps.debe_mostrar_el_mensaje(java.lang.String)&amp#27;[0m
]]></system-out>
  </testcase>
  <testcase name="Gestión de Usuarios - Registro de usuario con diferentes datos - Ejemplos - Example #1.4" classname="Gestión de Usuarios - Registro de usuario con diferentes datos - Ejemplos" time="0.003">
    <system-out><![CDATA[
Esquema del escenario: Registro de usuario con diferentes datos &amp#27;[90m# features/usuario.feature:21&amp#27;[0m
  &amp#27;[32mDado &amp#27;[0m&amp#27;[32mque estoy en la pÃ¡gina de registro&amp#27;[0m                       &amp#27;[90m# com.pruebatecnica.stepdefinitions.UsuarioSteps.que_estoy_en_la_pagina_de_registro()&amp#27;[0m
  &amp#27;[32mCuando &amp#27;[0m&amp#27;[32mingreso el nombre &amp#27;[0m&amp#27;[32m&amp#27;[1m"Pedro"&amp#27;[0m                              &amp#27;[90m# com.pruebatecnica.stepdefinitions.UsuarioSteps.ingreso_el_nombre(java.lang.String)&amp#27;[0m
  &amp#27;[32mY &amp#27;[0m&amp#27;[32mingreso el email &amp#27;[0m&amp#27;[32m&amp#27;[1m""&amp#27;[0m                                         &amp#27;[90m# com.pruebatecnica.stepdefinitions.UsuarioSteps.ingreso_el_email(java.lang.String)&amp#27;[0m
  &amp#27;[32mY &amp#27;[0m&amp#27;[32mingreso la contraseÃ±a &amp#27;[0m&amp#27;[32m&amp#27;[1m"12345678"&amp#27;[0m                            &amp#27;[90m# com.pruebatecnica.stepdefinitions.UsuarioSteps.ingreso_la_contraseÃ±a(java.lang.String)&amp#27;[0m
  &amp#27;[32mY &amp#27;[0m&amp#27;[32mhago clic en registrar&amp#27;[0m                                      &amp#27;[90m# com.pruebatecnica.stepdefinitions.UsuarioSteps.hago_clic_en_registrar()&amp#27;[0m
  &amp#27;[32mEntonces &amp#27;[0m&amp#27;[32mel resultado del registro debe ser &amp#27;[0m&amp#27;[32m&amp#27;[1m"error"&amp#27;[0m           &amp#27;[90m# com.pruebatecnica.stepdefinitions.UsuarioSteps.el_resultado_del_registro_debe_ser(java.lang.String)&amp#27;[0m
  &amp#27;[32mY &amp#27;[0m&amp#27;[32mdebe mostrar el mensaje &amp#27;[0m&amp#27;[32m&amp#27;[1m"El email es obligatorio"&amp#27;[0m           &amp#27;[90m# com.pruebatecnica.stepdefinitions.UsuarioSteps.debe_mostrar_el_mensaje(java.lang.String)&amp#27;[0m
]]></system-out>
  </testcase>
  <testcase name="Gestión de Usuarios - Registro de usuario con diferentes datos - Ejemplos - Example #1.5" classname="Gestión de Usuarios - Registro de usuario con diferentes datos - Ejemplos" time="0.006">
    <system-out><![CDATA[
Esquema del escenario: Registro de usuario con diferentes datos &amp#27;[90m# features/usuario.feature:22&amp#27;[0m
  &amp#27;[32mDado &amp#27;[0m&amp#27;[32mque estoy en la pÃ¡gina de registro&amp#27;[0m                       &amp#27;[90m# com.pruebatecnica.stepdefinitions.UsuarioSteps.que_estoy_en_la_pagina_de_registro()&amp#27;[0m
  &amp#27;[32mCuando &amp#27;[0m&amp#27;[32mingreso el nombre &amp#27;[0m&amp#27;[32m&amp#27;[1m"Ana"&amp#27;[0m                                &amp#27;[90m# com.pruebatecnica.stepdefinitions.UsuarioSteps.ingreso_el_nombre(java.lang.String)&amp#27;[0m
  &amp#27;[32mY &amp#27;[0m&amp#27;[32mingreso el email &amp#27;[0m&amp#27;[32m&amp#27;[1m"ana@test.com"&amp#27;[0m                             &amp#27;[90m# com.pruebatecnica.stepdefinitions.UsuarioSteps.ingreso_el_email(java.lang.String)&amp#27;[0m
  &amp#27;[32mY &amp#27;[0m&amp#27;[32mingreso la contraseÃ±a &amp#27;[0m&amp#27;[32m&amp#27;[1m""&amp#27;[0m                                    &amp#27;[90m# com.pruebatecnica.stepdefinitions.UsuarioSteps.ingreso_la_contraseÃ±a(java.lang.String)&amp#27;[0m
  &amp#27;[32mY &amp#27;[0m&amp#27;[32mhago clic en registrar&amp#27;[0m                                      &amp#27;[90m# com.pruebatecnica.stepdefinitions.UsuarioSteps.hago_clic_en_registrar()&amp#27;[0m
  &amp#27;[32mEntonces &amp#27;[0m&amp#27;[32mel resultado del registro debe ser &amp#27;[0m&amp#27;[32m&amp#27;[1m"error"&amp#27;[0m           &amp#27;[90m# com.pruebatecnica.stepdefinitions.UsuarioSteps.el_resultado_del_registro_debe_ser(java.lang.String)&amp#27;[0m
  &amp#27;[32mY &amp#27;[0m&amp#27;[32mdebe mostrar el mensaje &amp#27;[0m&amp#27;[32m&amp#27;[1m"La contraseÃ±a es obligatoria"&amp#27;[0m      &amp#27;[90m# com.pruebatecnica.stepdefinitions.UsuarioSteps.debe_mostrar_el_mensaje(java.lang.String)&amp#27;[0m
]]></system-out>
  </testcase>
  <testcase name="Gestión de Usuarios - Registro de usuario con diferentes datos - Ejemplos - Example #1.5" classname="Gestión de Usuarios - Registro de usuario con diferentes datos - Ejemplos" time="0.005">
    <system-out><![CDATA[
Esquema del escenario: Registro de usuario con diferentes datos &amp#27;[90m# features/usuario.feature:22&amp#27;[0m
  &amp#27;[32mDado &amp#27;[0m&amp#27;[32mque estoy en la pÃ¡gina de registro&amp#27;[0m                       &amp#27;[90m# com.pruebatecnica.stepdefinitions.UsuarioSteps.que_estoy_en_la_pagina_de_registro()&amp#27;[0m
  &amp#27;[32mCuando &amp#27;[0m&amp#27;[32mingreso el nombre &amp#27;[0m&amp#27;[32m&amp#27;[1m"Ana"&amp#27;[0m                                &amp#27;[90m# com.pruebatecnica.stepdefinitions.UsuarioSteps.ingreso_el_nombre(java.lang.String)&amp#27;[0m
  &amp#27;[32mY &amp#27;[0m&amp#27;[32mingreso el email &amp#27;[0m&amp#27;[32m&amp#27;[1m"ana@test.com"&amp#27;[0m                             &amp#27;[90m# com.pruebatecnica.stepdefinitions.UsuarioSteps.ingreso_el_email(java.lang.String)&amp#27;[0m
  &amp#27;[32mY &amp#27;[0m&amp#27;[32mingreso la contraseÃ±a &amp#27;[0m&amp#27;[32m&amp#27;[1m""&amp#27;[0m                                    &amp#27;[90m# com.pruebatecnica.stepdefinitions.UsuarioSteps.ingreso_la_contraseÃ±a(java.lang.String)&amp#27;[0m
  &amp#27;[32mY &amp#27;[0m&amp#27;[32mhago clic en registrar&amp#27;[0m                                      &amp#27;[90m# com.pruebatecnica.stepdefinitions.UsuarioSteps.hago_clic_en_registrar()&amp#27;[0m
  &amp#27;[32mEntonces &amp#27;[0m&amp#27;[32mel resultado del registro debe ser &amp#27;[0m&amp#27;[32m&amp#27;[1m"error"&amp#27;[0m           &amp#27;[90m# com.pruebatecnica.stepdefinitions.UsuarioSteps.el_resultado_del_registro_debe_ser(java.lang.String)&amp#27;[0m
  &amp#27;[32mY &amp#27;[0m&amp#27;[32mdebe mostrar el mensaje &amp#27;[0m&amp#27;[32m&amp#27;[1m"La contraseÃ±a es obligatoria"&amp#27;[0m      &amp#27;[90m# com.pruebatecnica.stepdefinitions.UsuarioSteps.debe_mostrar_el_mensaje(java.lang.String)&amp#27;[0m
]]></system-out>
  </testcase>
  <testcase name="Gestión de Usuarios - Registro de usuario con diferentes datos - Ejemplos - Example #1.6" classname="Gestión de Usuarios - Registro de usuario con diferentes datos - Ejemplos" time="0.004">
    <system-out><![CDATA[
Esquema del escenario: Registro de usuario con diferentes datos &amp#27;[90m# features/usuario.feature:23&amp#27;[0m
  &amp#27;[32mDado &amp#27;[0m&amp#27;[32mque estoy en la pÃ¡gina de registro&amp#27;[0m                       &amp#27;[90m# com.pruebatecnica.stepdefinitions.UsuarioSteps.que_estoy_en_la_pagina_de_registro()&amp#27;[0m
  &amp#27;[32mCuando &amp#27;[0m&amp#27;[32mingreso el nombre &amp#27;[0m&amp#27;[32m&amp#27;[1m"Luis"&amp#27;[0m                               &amp#27;[90m# com.pruebatecnica.stepdefinitions.UsuarioSteps.ingreso_el_nombre(java.lang.String)&amp#27;[0m
  &amp#27;[32mY &amp#27;[0m&amp#27;[32mingreso el email &amp#27;[0m&amp#27;[32m&amp#27;[1m"email-invalido"&amp#27;[0m                           &amp#27;[90m# com.pruebatecnica.stepdefinitions.UsuarioSteps.ingreso_el_email(java.lang.String)&amp#27;[0m
  &amp#27;[32mY &amp#27;[0m&amp#27;[32mingreso la contraseÃ±a &amp#27;[0m&amp#27;[32m&amp#27;[1m"12345678"&amp#27;[0m                            &amp#27;[90m# com.pruebatecnica.stepdefinitions.UsuarioSteps.ingreso_la_contraseÃ±a(java.lang.String)&amp#27;[0m
  &amp#27;[32mY &amp#27;[0m&amp#27;[32mhago clic en registrar&amp#27;[0m                                      &amp#27;[90m# com.pruebatecnica.stepdefinitions.UsuarioSteps.hago_clic_en_registrar()&amp#27;[0m
  &amp#27;[32mEntonces &amp#27;[0m&amp#27;[32mel resultado del registro debe ser &amp#27;[0m&amp#27;[32m&amp#27;[1m"error"&amp#27;[0m           &amp#27;[90m# com.pruebatecnica.stepdefinitions.UsuarioSteps.el_resultado_del_registro_debe_ser(java.lang.String)&amp#27;[0m
  &amp#27;[32mY &amp#27;[0m&amp#27;[32mdebe mostrar el mensaje &amp#27;[0m&amp#27;[32m&amp#27;[1m"Formato de email invÃ¡lido"&amp#27;[0m         &amp#27;[90m# com.pruebatecnica.stepdefinitions.UsuarioSteps.debe_mostrar_el_mensaje(java.lang.String)&amp#27;[0m
]]></system-out>
  </testcase>
  <testcase name="Gestión de Usuarios - Registro de usuario con diferentes datos - Ejemplos - Example #1.6" classname="Gestión de Usuarios - Registro de usuario con diferentes datos - Ejemplos" time="0.005">
    <system-out><![CDATA[
Esquema del escenario: Registro de usuario con diferentes datos &amp#27;[90m# features/usuario.feature:23&amp#27;[0m
  &amp#27;[32mDado &amp#27;[0m&amp#27;[32mque estoy en la pÃ¡gina de registro&amp#27;[0m                       &amp#27;[90m# com.pruebatecnica.stepdefinitions.UsuarioSteps.que_estoy_en_la_pagina_de_registro()&amp#27;[0m
  &amp#27;[32mCuando &amp#27;[0m&amp#27;[32mingreso el nombre &amp#27;[0m&amp#27;[32m&amp#27;[1m"Luis"&amp#27;[0m                               &amp#27;[90m# com.pruebatecnica.stepdefinitions.UsuarioSteps.ingreso_el_nombre(java.lang.String)&amp#27;[0m
  &amp#27;[32mY &amp#27;[0m&amp#27;[32mingreso el email &amp#27;[0m&amp#27;[32m&amp#27;[1m"email-invalido"&amp#27;[0m                           &amp#27;[90m# com.pruebatecnica.stepdefinitions.UsuarioSteps.ingreso_el_email(java.lang.String)&amp#27;[0m
  &amp#27;[32mY &amp#27;[0m&amp#27;[32mingreso la contraseÃ±a &amp#27;[0m&amp#27;[32m&amp#27;[1m"12345678"&amp#27;[0m                            &amp#27;[90m# com.pruebatecnica.stepdefinitions.UsuarioSteps.ingreso_la_contraseÃ±a(java.lang.String)&amp#27;[0m
  &amp#27;[32mY &amp#27;[0m&amp#27;[32mhago clic en registrar&amp#27;[0m                                      &amp#27;[90m# com.pruebatecnica.stepdefinitions.UsuarioSteps.hago_clic_en_registrar()&amp#27;[0m
  &amp#27;[32mEntonces &amp#27;[0m&amp#27;[32mel resultado del registro debe ser &amp#27;[0m&amp#27;[32m&amp#27;[1m"error"&amp#27;[0m           &amp#27;[90m# com.pruebatecnica.stepdefinitions.UsuarioSteps.el_resultado_del_registro_debe_ser(java.lang.String)&amp#27;[0m
  &amp#27;[32mY &amp#27;[0m&amp#27;[32mdebe mostrar el mensaje &amp#27;[0m&amp#27;[32m&amp#27;[1m"Formato de email invÃ¡lido"&amp#27;[0m         &amp#27;[90m# com.pruebatecnica.stepdefinitions.UsuarioSteps.debe_mostrar_el_mensaje(java.lang.String)&amp#27;[0m
]]></system-out>
  </testcase>
  <testcase name="Gestión de Usuarios - Registro de usuario con diferentes datos - Ejemplos - Example #1.7" classname="Gestión de Usuarios - Registro de usuario con diferentes datos - Ejemplos" time="0.003">
    <system-out><![CDATA[
Esquema del escenario: Registro de usuario con diferentes datos &amp#27;[90m# features/usuario.feature:24&amp#27;[0m
  &amp#27;[32mDado &amp#27;[0m&amp#27;[32mque estoy en la pÃ¡gina de registro&amp#27;[0m                       &amp#27;[90m# com.pruebatecnica.stepdefinitions.UsuarioSteps.que_estoy_en_la_pagina_de_registro()&amp#27;[0m
  &amp#27;[32mCuando &amp#27;[0m&amp#27;[32mingreso el nombre &amp#27;[0m&amp#27;[32m&amp#27;[1m"Carmen"&amp#27;[0m                             &amp#27;[90m# com.pruebatecnica.stepdefinitions.UsuarioSteps.ingreso_el_nombre(java.lang.String)&amp#27;[0m
  &amp#27;[32mY &amp#27;[0m&amp#27;[32mingreso el email &amp#27;[0m&amp#27;[32m&amp#27;[1m"carmen@test.com"&amp#27;[0m                          &amp#27;[90m# com.pruebatecnica.stepdefinitions.UsuarioSteps.ingreso_el_email(java.lang.String)&amp#27;[0m
  &amp#27;[32mY &amp#27;[0m&amp#27;[32mingreso la contraseÃ±a &amp#27;[0m&amp#27;[32m&amp#27;[1m"123"&amp#27;[0m                                 &amp#27;[90m# com.pruebatecnica.stepdefinitions.UsuarioSteps.ingreso_la_contraseÃ±a(java.lang.String)&amp#27;[0m
  &amp#27;[32mY &amp#27;[0m&amp#27;[32mhago clic en registrar&amp#27;[0m                                      &amp#27;[90m# com.pruebatecnica.stepdefinitions.UsuarioSteps.hago_clic_en_registrar()&amp#27;[0m
  &amp#27;[32mEntonces &amp#27;[0m&amp#27;[32mel resultado del registro debe ser &amp#27;[0m&amp#27;[32m&amp#27;[1m"error"&amp#27;[0m           &amp#27;[90m# com.pruebatecnica.stepdefinitions.UsuarioSteps.el_resultado_del_registro_debe_ser(java.lang.String)&amp#27;[0m
  &amp#27;[32mY &amp#27;[0m&amp#27;[32mdebe mostrar el mensaje &amp#27;[0m&amp#27;[32m&amp#27;[1m"ContraseÃ±a muy corta"&amp#27;[0m              &amp#27;[90m# com.pruebatecnica.stepdefinitions.UsuarioSteps.debe_mostrar_el_mensaje(java.lang.String)&amp#27;[0m
]]></system-out>
  </testcase>
  <testcase name="Gestión de Usuarios - Registro de usuario con diferentes datos - Ejemplos - Example #1.7" classname="Gestión de Usuarios - Registro de usuario con diferentes datos - Ejemplos" time="0.004">
    <system-out><![CDATA[
Esquema del escenario: Registro de usuario con diferentes datos &amp#27;[90m# features/usuario.feature:24&amp#27;[0m
  &amp#27;[32mDado &amp#27;[0m&amp#27;[32mque estoy en la pÃ¡gina de registro&amp#27;[0m                       &amp#27;[90m# com.pruebatecnica.stepdefinitions.UsuarioSteps.que_estoy_en_la_pagina_de_registro()&amp#27;[0m
  &amp#27;[32mCuando &amp#27;[0m&amp#27;[32mingreso el nombre &amp#27;[0m&amp#27;[32m&amp#27;[1m"Carmen"&amp#27;[0m                             &amp#27;[90m# com.pruebatecnica.stepdefinitions.UsuarioSteps.ingreso_el_nombre(java.lang.String)&amp#27;[0m
  &amp#27;[32mY &amp#27;[0m&amp#27;[32mingreso el email &amp#27;[0m&amp#27;[32m&amp#27;[1m"carmen@test.com"&amp#27;[0m                          &amp#27;[90m# com.pruebatecnica.stepdefinitions.UsuarioSteps.ingreso_el_email(java.lang.String)&amp#27;[0m
  &amp#27;[32mY &amp#27;[0m&amp#27;[32mingreso la contraseÃ±a &amp#27;[0m&amp#27;[32m&amp#27;[1m"123"&amp#27;[0m                                 &amp#27;[90m# com.pruebatecnica.stepdefinitions.UsuarioSteps.ingreso_la_contraseÃ±a(java.lang.String)&amp#27;[0m
  &amp#27;[32mY &amp#27;[0m&amp#27;[32mhago clic en registrar&amp#27;[0m                                      &amp#27;[90m# com.pruebatecnica.stepdefinitions.UsuarioSteps.hago_clic_en_registrar()&amp#27;[0m
  &amp#27;[32mEntonces &amp#27;[0m&amp#27;[32mel resultado del registro debe ser &amp#27;[0m&amp#27;[32m&amp#27;[1m"error"&amp#27;[0m           &amp#27;[90m# com.pruebatecnica.stepdefinitions.UsuarioSteps.el_resultado_del_registro_debe_ser(java.lang.String)&amp#27;[0m
  &amp#27;[32mY &amp#27;[0m&amp#27;[32mdebe mostrar el mensaje &amp#27;[0m&amp#27;[32m&amp#27;[1m"ContraseÃ±a muy corta"&amp#27;[0m              &amp#27;[90m# com.pruebatecnica.stepdefinitions.UsuarioSteps.debe_mostrar_el_mensaje(java.lang.String)&amp#27;[0m
]]></system-out>
  </testcase>
  <testcase name="Gestión de Usuarios - Login exitoso" classname="Gestión de Usuarios" time="0.007">
    <system-out><![CDATA[
Escenario: Login exitoso                                                                   &amp#27;[90m# features/usuario.feature:26&amp#27;[0m
  &amp#27;[32mDado &amp#27;[0m&amp#27;[32mque existe un usuario registrado con email &amp#27;[0m&amp#27;[32m&amp#27;[1m"admin@test.com"&amp#27;[0m&amp#27;[32m y contraseÃ±a &amp#27;[0m&amp#27;[32m&amp#27;[1m"admin123"&amp#27;[0m &amp#27;[90m# com.pruebatecnica.stepdefinitions.UsuarioSteps.que_existe_un_usuario_registrado(java.lang.String,java.lang.String)&amp#27;[0m
  &amp#27;[32mCuando &amp#27;[0m&amp#27;[32mingreso las credenciales &amp#27;[0m&amp#27;[32m&amp#27;[1m"admin@test.com"&amp#27;[0m&amp#27;[32m y &amp#27;[0m&amp#27;[32m&amp#27;[1m"admin123"&amp#27;[0m                            &amp#27;[90m# com.pruebatecnica.stepdefinitions.UsuarioSteps.ingreso_las_credenciales(java.lang.String,java.lang.String)&amp#27;[0m
  &amp#27;[32mY &amp#27;[0m&amp#27;[32mhago clic en iniciar sesiÃ³n&amp#27;[0m                                                            &amp#27;[90m# com.pruebatecnica.stepdefinitions.UsuarioSteps.hago_clic_en_iniciar_sesion()&amp#27;[0m
  &amp#27;[32mEntonces &amp#27;[0m&amp#27;[32mdeberÃ­a estar logueado exitosamente&amp#27;[0m                                             &amp#27;[90m# com.pruebatecnica.stepdefinitions.UsuarioSteps.deberia_estar_logueado_exitosamente()&amp#27;[0m
  &amp#27;[32mY &amp#27;[0m&amp#27;[32mdeberÃ­a ver el mensaje de bienvenida &amp#27;[0m&amp#27;[32m&amp#27;[1m"Bienvenido al sistema"&amp#27;[0m                           &amp#27;[90m# com.pruebatecnica.stepdefinitions.UsuarioSteps.deberia_ver_el_mensaje_de_bienvenida(java.lang.String)&amp#27;[0m
]]></system-out>
  </testcase>
  <testcase name="Gestión de Usuarios - Login exitoso" classname="Gestión de Usuarios" time="0.002">
    <system-out><![CDATA[
Escenario: Login exitoso                                                                   &amp#27;[90m# features/usuario.feature:26&amp#27;[0m
  &amp#27;[32mDado &amp#27;[0m&amp#27;[32mque existe un usuario registrado con email &amp#27;[0m&amp#27;[32m&amp#27;[1m"admin@test.com"&amp#27;[0m&amp#27;[32m y contraseÃ±a &amp#27;[0m&amp#27;[32m&amp#27;[1m"admin123"&amp#27;[0m &amp#27;[90m# com.pruebatecnica.stepdefinitions.UsuarioSteps.que_existe_un_usuario_registrado(java.lang.String,java.lang.String)&amp#27;[0m
  &amp#27;[32mCuando &amp#27;[0m&amp#27;[32mingreso las credenciales &amp#27;[0m&amp#27;[32m&amp#27;[1m"admin@test.com"&amp#27;[0m&amp#27;[32m y &amp#27;[0m&amp#27;[32m&amp#27;[1m"admin123"&amp#27;[0m                            &amp#27;[90m# com.pruebatecnica.stepdefinitions.UsuarioSteps.ingreso_las_credenciales(java.lang.String,java.lang.String)&amp#27;[0m
  &amp#27;[32mY &amp#27;[0m&amp#27;[32mhago clic en iniciar sesiÃ³n&amp#27;[0m                                                            &amp#27;[90m# com.pruebatecnica.stepdefinitions.UsuarioSteps.hago_clic_en_iniciar_sesion()&amp#27;[0m
  &amp#27;[32mEntonces &amp#27;[0m&amp#27;[32mdeberÃ­a estar logueado exitosamente&amp#27;[0m                                             &amp#27;[90m# com.pruebatecnica.stepdefinitions.UsuarioSteps.deberia_estar_logueado_exitosamente()&amp#27;[0m
  &amp#27;[32mY &amp#27;[0m&amp#27;[32mdeberÃ­a ver el mensaje de bienvenida &amp#27;[0m&amp#27;[32m&amp#27;[1m"Bienvenido al sistema"&amp#27;[0m                           &amp#27;[90m# com.pruebatecnica.stepdefinitions.UsuarioSteps.deberia_ver_el_mensaje_de_bienvenida(java.lang.String)&amp#27;[0m
]]></system-out>
  </testcase>
  <testcase name="Gestión de Usuarios - Login fallido" classname="Gestión de Usuarios" time="0.005">
    <system-out><![CDATA[
Escenario: Login fallido                                                 &amp#27;[90m# features/usuario.feature:33&amp#27;[0m
  &amp#27;[32mDado &amp#27;[0m&amp#27;[32mque NO existe un usuario con email &amp#27;[0m&amp#27;[32m&amp#27;[1m"inexistente@test.com"&amp#27;[0m         &amp#27;[90m# com.pruebatecnica.stepdefinitions.UsuarioSteps.que_no_existe_un_usuario_con_email(java.lang.String)&amp#27;[0m
  &amp#27;[32mCuando &amp#27;[0m&amp#27;[32mingreso las credenciales &amp#27;[0m&amp#27;[32m&amp#27;[1m"inexistente@test.com"&amp#27;[0m&amp#27;[32m y &amp#27;[0m&amp#27;[32m&amp#27;[1m"password123"&amp#27;[0m &amp#27;[90m# com.pruebatecnica.stepdefinitions.UsuarioSteps.ingreso_las_credenciales(java.lang.String,java.lang.String)&amp#27;[0m
  &amp#27;[32mY &amp#27;[0m&amp#27;[32mhago clic en iniciar sesiÃ³n&amp#27;[0m                                          &amp#27;[90m# com.pruebatecnica.stepdefinitions.UsuarioSteps.hago_clic_en_iniciar_sesion()&amp#27;[0m
  &amp#27;[32mEntonces &amp#27;[0m&amp#27;[32mNO deberÃ­a estar logueado&amp#27;[0m                                     &amp#27;[90m# com.pruebatecnica.stepdefinitions.UsuarioSteps.no_deberia_estar_logueado()&amp#27;[0m
  &amp#27;[32mY &amp#27;[0m&amp#27;[32mdeberÃ­a ver el mensaje de error &amp#27;[0m&amp#27;[32m&amp#27;[1m"Credenciales invÃ¡lidas"&amp#27;[0m             &amp#27;[90m# com.pruebatecnica.stepdefinitions.UsuarioSteps.deberia_ver_el_mensaje_de_error(java.lang.String)&amp#27;[0m
]]></system-out>
  </testcase>
  <testcase name="Gestión de Usuarios - Login fallido" classname="Gestión de Usuarios" time="0.002">
    <system-out><![CDATA[
Escenario: Login fallido                                                 &amp#27;[90m# features/usuario.feature:33&amp#27;[0m
  &amp#27;[32mDado &amp#27;[0m&amp#27;[32mque NO existe un usuario con email &amp#27;[0m&amp#27;[32m&amp#27;[1m"inexistente@test.com"&amp#27;[0m         &amp#27;[90m# com.pruebatecnica.stepdefinitions.UsuarioSteps.que_no_existe_un_usuario_con_email(java.lang.String)&amp#27;[0m
  &amp#27;[32mCuando &amp#27;[0m&amp#27;[32mingreso las credenciales &amp#27;[0m&amp#27;[32m&amp#27;[1m"inexistente@test.com"&amp#27;[0m&amp#27;[32m y &amp#27;[0m&amp#27;[32m&amp#27;[1m"password123"&amp#27;[0m &amp#27;[90m# com.pruebatecnica.stepdefinitions.UsuarioSteps.ingreso_las_credenciales(java.lang.String,java.lang.String)&amp#27;[0m
  &amp#27;[32mY &amp#27;[0m&amp#27;[32mhago clic en iniciar sesiÃ³n&amp#27;[0m                                          &amp#27;[90m# com.pruebatecnica.stepdefinitions.UsuarioSteps.hago_clic_en_iniciar_sesion()&amp#27;[0m
  &amp#27;[32mEntonces &amp#27;[0m&amp#27;[32mNO deberÃ­a estar logueado&amp#27;[0m                                     &amp#27;[90m# com.pruebatecnica.stepdefinitions.UsuarioSteps.no_deberia_estar_logueado()&amp#27;[0m
  &amp#27;[32mY &amp#27;[0m&amp#27;[32mdeberÃ­a ver el mensaje de error &amp#27;[0m&amp#27;[32m&amp#27;[1m"Credenciales invÃ¡lidas"&amp#27;[0m             &amp#27;[90m# com.pruebatecnica.stepdefinitions.UsuarioSteps.deberia_ver_el_mensaje_de_error(java.lang.String)&amp#27;[0m
]]></system-out>
  </testcase>
</testsuite>